{"/Users/mac13/Desktop/Not in MySSD/CodeTheDream-2026/NODE/node-homework/app.js": {"path":"/Users/mac13/Desktop/Not in MySSD/CodeTheDream-2026/NODE/node-homework/app.js","statementMap":{"0":{"start":{"line":1,"column":16},"end":{"line":1,"column":34}},"1":{"start":{"line":2,"column":19},"end":{"line":2,"column":49}},"2":{"start":{"line":3,"column":19},"end":{"line":3,"column":49}},"3":{"start":{"line":4,"column":17},"end":{"line":4,"column":50}},"4":{"start":{"line":5,"column":21},"end":{"line":5,"column":58}},"5":{"start":{"line":6,"column":12},"end":{"line":6,"column":21}},"6":{"start":{"line":7,"column":15},"end":{"line":7,"column":37}},"7":{"start":{"line":8,"column":24},"end":{"line":8,"column":59}},"8":{"start":{"line":9,"column":21},"end":{"line":9,"column":45}},"9":{"start":{"line":10,"column":0},"end":{"line":10,"column":25}},"10":{"start":{"line":11,"column":15},"end":{"line":11,"column":32}},"11":{"start":{"line":12,"column":14},"end":{"line":12,"column":46}},"12":{"start":{"line":13,"column":20},"end":{"line":13,"column":49}},"13":{"start":{"line":15,"column":0},"end":{"line":20,"column":1}},"14":{"start":{"line":22,"column":0},"end":{"line":22,"column":23}},"15":{"start":{"line":23,"column":0},"end":{"line":23,"column":23}},"16":{"start":{"line":24,"column":0},"end":{"line":24,"column":17}},"17":{"start":{"line":25,"column":0},"end":{"line":25,"column":14}},"18":{"start":{"line":27,"column":0},"end":{"line":27,"column":33}},"19":{"start":{"line":28,"column":0},"end":{"line":28,"column":33}},"20":{"start":{"line":29,"column":0},"end":{"line":29,"column":41}},"21":{"start":{"line":31,"column":0},"end":{"line":41,"column":2}},"22":{"start":{"line":32,"column":4},"end":{"line":40,"column":5}},"23":{"start":{"line":33,"column":8},"end":{"line":33,"column":41}},"24":{"start":{"line":34,"column":8},"end":{"line":34,"column":49}},"25":{"start":{"line":36,"column":8},"end":{"line":38,"column":1}},"26":{"start":{"line":37,"column":8},"end":{"line":37,"column":73}},"27":{"start":{"line":39,"column":8},"end":{"line":39,"column":88}},"28":{"start":{"line":43,"column":0},"end":{"line":43,"column":17}},"29":{"start":{"line":44,"column":0},"end":{"line":44,"column":21}},"30":{"start":{"line":45,"column":13},"end":{"line":45,"column":37}},"31":{"start":{"line":47,"column":15},"end":{"line":49,"column":2}},"32":{"start":{"line":48,"column":4},"end":{"line":48,"column":57}},"33":{"start":{"line":52,"column":4},"end":{"line":52,"column":30}},"34":{"start":{"line":53,"column":4},"end":{"line":53,"column":39}},"35":{"start":{"line":55,"column":4},"end":{"line":58,"column":6}},"36":{"start":{"line":56,"column":8},"end":{"line":56,"column":37}},"37":{"start":{"line":57,"column":8},"end":{"line":57,"column":23}},"38":{"start":{"line":61,"column":0},"end":{"line":61,"column":30}},"39":{"start":{"line":62,"column":0},"end":{"line":62,"column":31}},"40":{"start":{"line":64,"column":0},"end":{"line":64,"column":30}}},"fnMap":{"0":{"name":"(anonymous_0)","decl":{"start":{"line":31,"column":19},"end":{"line":31,"column":20}},"loc":{"start":{"line":31,"column":39},"end":{"line":41,"column":1}},"line":31},"1":{"name":"(anonymous_1)","decl":{"start":{"line":47,"column":32},"end":{"line":47,"column":33}},"loc":{"start":{"line":47,"column":37},"end":{"line":49,"column":1}},"line":47},"2":{"name":"shutdown","decl":{"start":{"line":51,"column":15},"end":{"line":51,"column":23}},"loc":{"start":{"line":51,"column":26},"end":{"line":59,"column":1}},"line":51},"3":{"name":"(anonymous_3)","decl":{"start":{"line":55,"column":17},"end":{"line":55,"column":18}},"loc":{"start":{"line":55,"column":23},"end":{"line":58,"column":5}},"line":55}},"branchMap":{"0":{"loc":{"start":{"line":36,"column":8},"end":{"line":38,"column":1}},"type":"if","locations":[{"start":{"line":36,"column":8},"end":{"line":38,"column":1}},{"start":{},"end":{}}],"line":36},"1":{"loc":{"start":{"line":45,"column":13},"end":{"line":45,"column":37}},"type":"binary-expr","locations":[{"start":{"line":45,"column":13},"end":{"line":45,"column":29}},{"start":{"line":45,"column":33},"end":{"line":45,"column":37}}],"line":45}},"s":{"0":1,"1":1,"2":1,"3":1,"4":1,"5":1,"6":1,"7":1,"8":1,"9":1,"10":1,"11":1,"12":1,"13":1,"14":1,"15":1,"16":1,"17":1,"18":1,"19":1,"20":1,"21":1,"22":0,"23":0,"24":0,"25":0,"26":0,"27":0,"28":1,"29":1,"30":1,"31":1,"32":1,"33":0,"34":0,"35":0,"36":0,"37":0,"38":1,"39":1,"40":1},"f":{"0":0,"1":1,"2":0,"3":0},"b":{"0":[0,0],"1":[1,1]},"_coverageSchema":"1a1c01bbd47fc00a2c39e90264f33305004495a9","hash":"78599105096b75bf6fce014adc066a11bac2dde0"}
,"/Users/mac13/Desktop/Not in MySSD/CodeTheDream-2026/NODE/node-homework/controllers/analyticsController.js": {"path":"/Users/mac13/Desktop/Not in MySSD/CodeTheDream-2026/NODE/node-homework/controllers/analyticsController.js","statementMap":{"0":{"start":{"line":1,"column":15},"end":{"line":1,"column":38}},"1":{"start":{"line":6,"column":19},"end":{"line":6,"column":46}},"2":{"start":{"line":7,"column":4},"end":{"line":9,"column":5}},"3":{"start":{"line":8,"column":8},"end":{"line":8,"column":65}},"4":{"start":{"line":11,"column":17},"end":{"line":13,"column":6}},"5":{"start":{"line":14,"column":4},"end":{"line":18,"column":5}},"6":{"start":{"line":15,"column":8},"end":{"line":17,"column":10}},"7":{"start":{"line":20,"column":22},"end":{"line":26,"column":6}},"8":{"start":{"line":29,"column":24},"end":{"line":46,"column":6}},"9":{"start":{"line":49,"column":23},"end":{"line":49,"column":33}},"10":{"start":{"line":50,"column":4},"end":{"line":50,"column":49}},"11":{"start":{"line":52,"column":27},"end":{"line":61,"column":6}},"12":{"start":{"line":63,"column":4},"end":{"line":63,"column":73}},"13":{"start":{"line":69,"column":17},"end":{"line":69,"column":46}},"14":{"start":{"line":70,"column":18},"end":{"line":70,"column":49}},"15":{"start":{"line":71,"column":17},"end":{"line":71,"column":35}},"16":{"start":{"line":74,"column":17},"end":{"line":90,"column":6}},"17":{"start":{"line":92,"column":18},"end":{"line":99,"column":7}},"18":{"start":{"line":92,"column":38},"end":{"line":99,"column":5}},"19":{"start":{"line":101,"column":23},"end":{"line":101,"column":48}},"20":{"start":{"line":103,"column":23},"end":{"line":110,"column":5}},"21":{"start":{"line":112,"column":4},"end":{"line":112,"column":52}},"22":{"start":{"line":117,"column":24},"end":{"line":117,"column":35}},"23":{"start":{"line":118,"column":4},"end":{"line":122,"column":5}},"24":{"start":{"line":119,"column":8},"end":{"line":121,"column":10}},"25":{"start":{"line":124,"column":14},"end":{"line":124,"column":45}},"26":{"start":{"line":126,"column":22},"end":{"line":126,"column":40}},"27":{"start":{"line":127,"column":19},"end":{"line":127,"column":30}},"28":{"start":{"line":128,"column":19},"end":{"line":128,"column":36}},"29":{"start":{"line":131,"column":22},"end":{"line":153,"column":1}},"30":{"start":{"line":154,"column":0},"end":{"line":158,"column":2}},"31":{"start":{"line":161,"column":0},"end":{"line":161,"column":66}}},"fnMap":{"0":{"name":"getUserAnalytics","decl":{"start":{"line":4,"column":15},"end":{"line":4,"column":31}},"loc":{"start":{"line":4,"column":42},"end":{"line":64,"column":1}},"line":4},"1":{"name":"getUsersWithStats","decl":{"start":{"line":68,"column":15},"end":{"line":68,"column":32}},"loc":{"start":{"line":68,"column":42},"end":{"line":113,"column":1}},"line":68},"2":{"name":"(anonymous_2)","decl":{"start":{"line":92,"column":31},"end":{"line":92,"column":32}},"loc":{"start":{"line":92,"column":38},"end":{"line":99,"column":5}},"line":92},"3":{"name":"searchTasks","decl":{"start":{"line":116,"column":15},"end":{"line":116,"column":26}},"loc":{"start":{"line":116,"column":37},"end":{"line":160,"column":1}},"line":116}},"branchMap":{"0":{"loc":{"start":{"line":7,"column":4},"end":{"line":9,"column":5}},"type":"if","locations":[{"start":{"line":7,"column":4},"end":{"line":9,"column":5}},{"start":{},"end":{}}],"line":7},"1":{"loc":{"start":{"line":14,"column":4},"end":{"line":18,"column":5}},"type":"if","locations":[{"start":{"line":14,"column":4},"end":{"line":18,"column":5}},{"start":{},"end":{}}],"line":14},"2":{"loc":{"start":{"line":69,"column":17},"end":{"line":69,"column":46}},"type":"binary-expr","locations":[{"start":{"line":69,"column":17},"end":{"line":69,"column":41}},{"start":{"line":69,"column":45},"end":{"line":69,"column":46}}],"line":69},"3":{"loc":{"start":{"line":70,"column":18},"end":{"line":70,"column":49}},"type":"binary-expr","locations":[{"start":{"line":70,"column":18},"end":{"line":70,"column":43}},{"start":{"line":70,"column":47},"end":{"line":70,"column":49}}],"line":70},"4":{"loc":{"start":{"line":118,"column":4},"end":{"line":122,"column":5}},"type":"if","locations":[{"start":{"line":118,"column":4},"end":{"line":122,"column":5}},{"start":{},"end":{}}],"line":118},"5":{"loc":{"start":{"line":118,"column":7},"end":{"line":118,"column":52}},"type":"binary-expr","locations":[{"start":{"line":118,"column":7},"end":{"line":118,"column":19}},{"start":{"line":118,"column":23},"end":{"line":118,"column":52}}],"line":118},"6":{"loc":{"start":{"line":124,"column":14},"end":{"line":124,"column":45}},"type":"binary-expr","locations":[{"start":{"line":124,"column":14},"end":{"line":124,"column":39}},{"start":{"line":124,"column":43},"end":{"line":124,"column":45}}],"line":124}},"s":{"0":1,"1":0,"2":0,"3":0,"4":0,"5":0,"6":0,"7":0,"8":0,"9":0,"10":0,"11":0,"12":0,"13":0,"14":0,"15":0,"16":0,"17":0,"18":0,"19":0,"20":0,"21":0,"22":0,"23":0,"24":0,"25":0,"26":0,"27":0,"28":0,"29":0,"30":0,"31":1},"f":{"0":0,"1":0,"2":0,"3":0},"b":{"0":[0,0],"1":[0,0],"2":[0,0],"3":[0,0],"4":[0,0],"5":[0,0],"6":[0,0]},"_coverageSchema":"1a1c01bbd47fc00a2c39e90264f33305004495a9","hash":"f22abcd9eb7a981d30f3cf1cc903d8e799bd794a"}
,"/Users/mac13/Desktop/Not in MySSD/CodeTheDream-2026/NODE/node-homework/controllers/taskController.js": {"path":"/Users/mac13/Desktop/Not in MySSD/CodeTheDream-2026/NODE/node-homework/controllers/taskController.js","statementMap":{"0":{"start":{"line":4,"column":38},"end":{"line":4,"column":73}},"1":{"start":{"line":5,"column":15},"end":{"line":5,"column":38}},"2":{"start":{"line":9,"column":27},"end":{"line":9,"column":56}},"3":{"start":{"line":10,"column":4},"end":{"line":15,"column":5}},"4":{"start":{"line":11,"column":8},"end":{"line":14,"column":10}},"5":{"start":{"line":17,"column":17},"end":{"line":20,"column":6}},"6":{"start":{"line":21,"column":4},"end":{"line":21,"column":37}},"7":{"start":{"line":26,"column":13},"end":{"line":26,"column":72}},"8":{"start":{"line":27,"column":14},"end":{"line":27,"column":75}},"9":{"start":{"line":29,"column":13},"end":{"line":29,"column":29}},"10":{"start":{"line":32,"column":0},"end":{"line":36,"column":1}},"11":{"start":{"line":33,"column":4},"end":{"line":35,"column":6}},"12":{"start":{"line":38,"column":0},"end":{"line":42,"column":1}},"13":{"start":{"line":39,"column":4},"end":{"line":41,"column":6}},"14":{"start":{"line":44,"column":22},"end":{"line":44,"column":43}},"15":{"start":{"line":46,"column":4},"end":{"line":51,"column":5}},"16":{"start":{"line":47,"column":8},"end":{"line":50,"column":9}},"17":{"start":{"line":53,"column":14},"end":{"line":70,"column":6}},"18":{"start":{"line":72,"column":23},"end":{"line":74,"column":6}},"19":{"start":{"line":76,"column":23},"end":{"line":83,"column":5}},"20":{"start":{"line":85,"column":4},"end":{"line":85,"column":52}},"21":{"start":{"line":89,"column":19},"end":{"line":89,"column":46}},"22":{"start":{"line":90,"column":4},"end":{"line":92,"column":5}},"23":{"start":{"line":91,"column":8},"end":{"line":91,"column":65}},"24":{"start":{"line":95,"column":0},"end":{"line":119,"column":6}},"25":{"start":{"line":96,"column":4},"end":{"line":113,"column":6}},"26":{"start":{"line":115,"column":4},"end":{"line":119,"column":5}},"27":{"start":{"line":116,"column":8},"end":{"line":116,"column":73}},"28":{"start":{"line":118,"column":8},"end":{"line":118,"column":24}},"29":{"start":{"line":121,"column":5},"end":{"line":123,"column":5}},"30":{"start":{"line":122,"column":8},"end":{"line":122,"column":73}},"31":{"start":{"line":125,"column":4},"end":{"line":125,"column":37}},"32":{"start":{"line":130,"column":31},"end":{"line":130,"column":65}},"33":{"start":{"line":131,"column":8},"end":{"line":136,"column":9}},"34":{"start":{"line":132,"column":12},"end":{"line":135,"column":14}},"35":{"start":{"line":137,"column":23},"end":{"line":137,"column":50}},"36":{"start":{"line":138,"column":8},"end":{"line":140,"column":9}},"37":{"start":{"line":139,"column":12},"end":{"line":139,"column":69}},"38":{"start":{"line":143,"column":8},"end":{"line":160,"column":1}},"39":{"start":{"line":144,"column":12},"end":{"line":152,"column":9}},"40":{"start":{"line":155,"column":12},"end":{"line":159,"column":5}},"41":{"start":{"line":156,"column":12},"end":{"line":156,"column":77}},"42":{"start":{"line":158,"column":8},"end":{"line":158,"column":24}},"43":{"start":{"line":161,"column":7},"end":{"line":161,"column":47}},"44":{"start":{"line":165,"column":15},"end":{"line":165,"column":42}},"45":{"start":{"line":166,"column":0},"end":{"line":170,"column":1}},"46":{"start":{"line":167,"column":4},"end":{"line":169,"column":6}},"47":{"start":{"line":172,"column":0},"end":{"line":187,"column":2}},"48":{"start":{"line":173,"column":4},"end":{"line":180,"column":1}},"49":{"start":{"line":183,"column":0},"end":{"line":187,"column":1}},"50":{"start":{"line":184,"column":4},"end":{"line":184,"column":69}},"51":{"start":{"line":186,"column":4},"end":{"line":186,"column":20}},"52":{"start":{"line":188,"column":0},"end":{"line":188,"column":67}},"53":{"start":{"line":192,"column":0},"end":{"line":236,"column":1}},"54":{"start":{"line":193,"column":20},"end":{"line":193,"column":28}},"55":{"start":{"line":196,"column":0},"end":{"line":201,"column":5}},"56":{"start":{"line":198,"column":12},"end":{"line":200,"column":14}},"57":{"start":{"line":204,"column":25},"end":{"line":204,"column":27}},"58":{"start":{"line":205,"column":6},"end":{"line":220,"column":7}},"59":{"start":{"line":206,"column":31},"end":{"line":206,"column":56}},"60":{"start":{"line":207,"column":8},"end":{"line":212,"column":9}},"61":{"start":{"line":208,"column":12},"end":{"line":211,"column":14}},"62":{"start":{"line":214,"column":8},"end":{"line":219,"column":10}},"63":{"start":{"line":222,"column":6},"end":{"line":235,"column":7}},"64":{"start":{"line":223,"column":23},"end":{"line":226,"column":10}},"65":{"start":{"line":228,"column":8},"end":{"line":232,"column":10}},"66":{"start":{"line":234,"column":8},"end":{"line":234,"column":24}},"67":{"start":{"line":238,"column":0},"end":{"line":238,"column":90}}},"fnMap":{"0":{"name":"create","decl":{"start":{"line":7,"column":15},"end":{"line":7,"column":21}},"loc":{"start":{"line":7,"column":32},"end":{"line":22,"column":1}},"line":7},"1":{"name":"index","decl":{"start":{"line":24,"column":15},"end":{"line":24,"column":20}},"loc":{"start":{"line":24,"column":30},"end":{"line":86,"column":1}},"line":24},"2":{"name":"show","decl":{"start":{"line":88,"column":15},"end":{"line":88,"column":19}},"loc":{"start":{"line":88,"column":37},"end":{"line":126,"column":5}},"line":88},"3":{"name":"update","decl":{"start":{"line":128,"column":19},"end":{"line":128,"column":25}},"loc":{"start":{"line":128,"column":42},"end":{"line":162,"column":1}},"line":128},"4":{"name":"deleteTask","decl":{"start":{"line":163,"column":15},"end":{"line":163,"column":25}},"loc":{"start":{"line":163,"column":42},"end":{"line":189,"column":1}},"line":163},"5":{"name":"(anonymous_5)","decl":{"start":{"line":192,"column":21},"end":{"line":192,"column":22}},"loc":{"start":{"line":192,"column":46},"end":{"line":236,"column":1}},"line":192}},"branchMap":{"0":{"loc":{"start":{"line":10,"column":4},"end":{"line":15,"column":5}},"type":"if","locations":[{"start":{"line":10,"column":4},"end":{"line":15,"column":5}},{"start":{},"end":{}}],"line":10},"1":{"loc":{"start":{"line":18,"column":47},"end":{"line":18,"column":73}},"type":"binary-expr","locations":[{"start":{"line":18,"column":47},"end":{"line":18,"column":64}},{"start":{"line":18,"column":68},"end":{"line":18,"column":73}}],"line":18},"2":{"loc":{"start":{"line":18,"column":106},"end":{"line":18,"column":132}},"type":"binary-expr","locations":[{"start":{"line":18,"column":106},"end":{"line":18,"column":120}},{"start":{"line":18,"column":124},"end":{"line":18,"column":132}}],"line":18},"3":{"loc":{"start":{"line":26,"column":13},"end":{"line":26,"column":72}},"type":"cond-expr","locations":[{"start":{"line":26,"column":44},"end":{"line":26,"column":68}},{"start":{"line":26,"column":71},"end":{"line":26,"column":72}}],"line":26},"4":{"loc":{"start":{"line":27,"column":14},"end":{"line":27,"column":75}},"type":"cond-expr","locations":[{"start":{"line":27,"column":45},"end":{"line":27,"column":70}},{"start":{"line":27,"column":73},"end":{"line":27,"column":75}}],"line":27},"5":{"loc":{"start":{"line":32,"column":0},"end":{"line":36,"column":1}},"type":"if","locations":[{"start":{"line":32,"column":0},"end":{"line":36,"column":1}},{"start":{},"end":{}}],"line":32},"6":{"loc":{"start":{"line":38,"column":0},"end":{"line":42,"column":1}},"type":"if","locations":[{"start":{"line":38,"column":0},"end":{"line":42,"column":1}},{"start":{},"end":{}}],"line":38},"7":{"loc":{"start":{"line":38,"column":4},"end":{"line":38,"column":28}},"type":"binary-expr","locations":[{"start":{"line":38,"column":4},"end":{"line":38,"column":13}},{"start":{"line":38,"column":17},"end":{"line":38,"column":28}}],"line":38},"8":{"loc":{"start":{"line":46,"column":4},"end":{"line":51,"column":5}},"type":"if","locations":[{"start":{"line":46,"column":4},"end":{"line":51,"column":5}},{"start":{},"end":{}}],"line":46},"9":{"loc":{"start":{"line":90,"column":4},"end":{"line":92,"column":5}},"type":"if","locations":[{"start":{"line":90,"column":4},"end":{"line":92,"column":5}},{"start":{},"end":{}}],"line":90},"10":{"loc":{"start":{"line":115,"column":4},"end":{"line":119,"column":5}},"type":"if","locations":[{"start":{"line":115,"column":4},"end":{"line":119,"column":5}},{"start":{"line":117,"column":9},"end":{"line":119,"column":5}}],"line":115},"11":{"loc":{"start":{"line":121,"column":5},"end":{"line":123,"column":5}},"type":"if","locations":[{"start":{"line":121,"column":5},"end":{"line":123,"column":5}},{"start":{},"end":{}}],"line":121},"12":{"loc":{"start":{"line":131,"column":8},"end":{"line":136,"column":9}},"type":"if","locations":[{"start":{"line":131,"column":8},"end":{"line":136,"column":9}},{"start":{},"end":{}}],"line":131},"13":{"loc":{"start":{"line":138,"column":8},"end":{"line":140,"column":9}},"type":"if","locations":[{"start":{"line":138,"column":8},"end":{"line":140,"column":9}},{"start":{},"end":{}}],"line":138},"14":{"loc":{"start":{"line":155,"column":12},"end":{"line":159,"column":5}},"type":"if","locations":[{"start":{"line":155,"column":12},"end":{"line":159,"column":5}},{"start":{"line":157,"column":13},"end":{"line":159,"column":5}}],"line":155},"15":{"loc":{"start":{"line":166,"column":0},"end":{"line":170,"column":1}},"type":"if","locations":[{"start":{"line":166,"column":0},"end":{"line":170,"column":1}},{"start":{},"end":{}}],"line":166},"16":{"loc":{"start":{"line":183,"column":0},"end":{"line":187,"column":1}},"type":"if","locations":[{"start":{"line":183,"column":0},"end":{"line":187,"column":1}},{"start":{"line":185,"column":5},"end":{"line":187,"column":1}}],"line":183},"17":{"loc":{"start":{"line":196,"column":0},"end":{"line":201,"column":5}},"type":"if","locations":[{"start":{"line":196,"column":0},"end":{"line":201,"column":5}},{"start":{},"end":{}}],"line":196},"18":{"loc":{"start":{"line":196,"column":3},"end":{"line":196,"column":56}},"type":"binary-expr","locations":[{"start":{"line":196,"column":3},"end":{"line":196,"column":9}},{"start":{"line":196,"column":13},"end":{"line":196,"column":34}},{"start":{"line":196,"column":38},"end":{"line":196,"column":56}}],"line":196},"19":{"loc":{"start":{"line":207,"column":8},"end":{"line":212,"column":9}},"type":"if","locations":[{"start":{"line":207,"column":8},"end":{"line":212,"column":9}},{"start":{},"end":{}}],"line":207},"20":{"loc":{"start":{"line":216,"column":25},"end":{"line":216,"column":51}},"type":"binary-expr","locations":[{"start":{"line":216,"column":25},"end":{"line":216,"column":42}},{"start":{"line":216,"column":46},"end":{"line":216,"column":51}}],"line":216},"21":{"loc":{"start":{"line":217,"column":22},"end":{"line":217,"column":48}},"type":"binary-expr","locations":[{"start":{"line":217,"column":22},"end":{"line":217,"column":36}},{"start":{"line":217,"column":40},"end":{"line":217,"column":48}}],"line":217}},"s":{"0":2,"1":2,"2":3,"3":3,"4":0,"5":3,"6":1,"7":7,"8":7,"9":7,"10":7,"11":0,"12":7,"13":0,"14":7,"15":6,"16":0,"17":6,"18":6,"19":6,"20":6,"21":3,"22":3,"23":0,"24":3,"25":3,"26":0,"27":0,"28":0,"29":3,"30":2,"31":1,"32":2,"33":2,"34":0,"35":2,"36":2,"37":0,"38":2,"39":2,"40":1,"41":1,"42":0,"43":1,"44":2,"45":2,"46":0,"47":2,"48":2,"49":1,"50":1,"51":0,"52":1,"53":2,"54":0,"55":0,"56":0,"57":0,"58":0,"59":0,"60":0,"61":0,"62":0,"63":0,"64":0,"65":0,"66":0,"67":2},"f":{"0":3,"1":7,"2":3,"3":2,"4":2,"5":0},"b":{"0":[0,3],"1":[3,0],"2":[2,0],"3":[0,7],"4":[0,7],"5":[0,7],"6":[0,7],"7":[7,7],"8":[0,6],"9":[0,3],"10":[0,0],"11":[2,1],"12":[0,2],"13":[0,2],"14":[1,0],"15":[0,2],"16":[1,0],"17":[0,0],"18":[0,0,0],"19":[0,0],"20":[0,0],"21":[0,0]},"_coverageSchema":"1a1c01bbd47fc00a2c39e90264f33305004495a9","hash":"f1472c2033043d4429e72480f87b2293c92a6f95"}
,"/Users/mac13/Desktop/Not in MySSD/CodeTheDream-2026/NODE/node-homework/controllers/userController.js": {"path":"/Users/mac13/Desktop/Not in MySSD/CodeTheDream-2026/NODE/node-homework/controllers/userController.js","statementMap":{"0":{"start":{"line":1,"column":21},"end":{"line":1,"column":56}},"1":{"start":{"line":2,"column":15},"end":{"line":2,"column":32}},"2":{"start":{"line":3,"column":13},"end":{"line":3,"column":28}},"3":{"start":{"line":4,"column":15},"end":{"line":4,"column":38}},"4":{"start":{"line":5,"column":21},"end":{"line":5,"column":38}},"5":{"start":{"line":6,"column":12},"end":{"line":6,"column":35}},"6":{"start":{"line":8,"column":19},"end":{"line":14,"column":1}},"7":{"start":{"line":9,"column":4},"end":{"line":13,"column":2}},"8":{"start":{"line":15,"column":21},"end":{"line":27,"column":5}},"9":{"start":{"line":16,"column":20},"end":{"line":16,"column":58}},"10":{"start":{"line":17,"column":22},"end":{"line":17,"column":82}},"11":{"start":{"line":18,"column":8},"end":{"line":24,"column":10}},"12":{"start":{"line":26,"column":8},"end":{"line":26,"column":32}},"13":{"start":{"line":29,"column":15},"end":{"line":29,"column":44}},"14":{"start":{"line":32,"column":17},"end":{"line":32,"column":55}},"15":{"start":{"line":33,"column":23},"end":{"line":33,"column":55}},"16":{"start":{"line":34,"column":4},"end":{"line":34,"column":50}},"17":{"start":{"line":38,"column":24},"end":{"line":38,"column":45}},"18":{"start":{"line":39,"column":23},"end":{"line":39,"column":60}},"19":{"start":{"line":40,"column":4},"end":{"line":40,"column":45}},"20":{"start":{"line":43,"column":4},"end":{"line":113,"column":7}},"21":{"start":{"line":45,"column":8},"end":{"line":45,"column":35}},"22":{"start":{"line":45,"column":22},"end":{"line":45,"column":35}},"23":{"start":{"line":47,"column":31},"end":{"line":47,"column":81}},"24":{"start":{"line":49,"column":8},"end":{"line":54,"column":9}},"25":{"start":{"line":50,"column":12},"end":{"line":53,"column":7}},"26":{"start":{"line":55,"column":27},"end":{"line":55,"column":61}},"27":{"start":{"line":57,"column":4},"end":{"line":113,"column":6}},"28":{"start":{"line":58,"column":23},"end":{"line":90,"column":7}},"29":{"start":{"line":60,"column":28},"end":{"line":63,"column":14}},"30":{"start":{"line":66,"column":32},"end":{"line":70,"column":9}},"31":{"start":{"line":72,"column":8},"end":{"line":74,"column":10}},"32":{"start":{"line":76,"column":33},"end":{"line":88,"column":14}},"33":{"start":{"line":79,"column":60},"end":{"line":79,"column":70}},"34":{"start":{"line":89,"column":12},"end":{"line":89,"column":47}},"35":{"start":{"line":92,"column":23},"end":{"line":92,"column":58}},"36":{"start":{"line":94,"column":5},"end":{"line":94,"column":20}},"37":{"start":{"line":95,"column":8},"end":{"line":104,"column":10}},"38":{"start":{"line":106,"column":8},"end":{"line":113,"column":5}},"39":{"start":{"line":107,"column":12},"end":{"line":110,"column":14}},"40":{"start":{"line":112,"column":8},"end":{"line":112,"column":24}},"41":{"start":{"line":117,"column":23},"end":{"line":117,"column":37}},"42":{"start":{"line":118,"column":18},"end":{"line":118,"column":32}},"43":{"start":{"line":120,"column":4},"end":{"line":122,"column":5}},"44":{"start":{"line":121,"column":8},"end":{"line":121,"column":81}},"45":{"start":{"line":124,"column":4},"end":{"line":124,"column":31}},"46":{"start":{"line":125,"column":17},"end":{"line":133,"column":5}},"47":{"start":{"line":135,"column":4},"end":{"line":137,"column":5}},"48":{"start":{"line":136,"column":8},"end":{"line":136,"column":78}},"49":{"start":{"line":139,"column":28},"end":{"line":139,"column":80}},"50":{"start":{"line":141,"column":0},"end":{"line":153,"column":5}},"51":{"start":{"line":142,"column":26},"end":{"line":142,"column":54}},"52":{"start":{"line":144,"column":8},"end":{"line":148,"column":10}},"53":{"start":{"line":150,"column":8},"end":{"line":152,"column":10}},"54":{"start":{"line":156,"column":4},"end":{"line":156,"column":44}},"55":{"start":{"line":157,"column":4},"end":{"line":159,"column":6}},"56":{"start":{"line":161,"column":0},"end":{"line":161,"column":59}}},"fnMap":{"0":{"name":"(anonymous_0)","decl":{"start":{"line":8,"column":19},"end":{"line":8,"column":20}},"loc":{"start":{"line":8,"column":28},"end":{"line":14,"column":1}},"line":8},"1":{"name":"(anonymous_1)","decl":{"start":{"line":15,"column":21},"end":{"line":15,"column":22}},"loc":{"start":{"line":15,"column":41},"end":{"line":27,"column":5}},"line":15},"2":{"name":"hashPassword","decl":{"start":{"line":31,"column":15},"end":{"line":31,"column":27}},"loc":{"start":{"line":31,"column":38},"end":{"line":36,"column":1}},"line":31},"3":{"name":"comparePassword","decl":{"start":{"line":37,"column":15},"end":{"line":37,"column":30}},"loc":{"start":{"line":37,"column":58},"end":{"line":41,"column":1}},"line":37},"4":{"name":"(anonymous_4)","decl":{"start":{"line":43,"column":23},"end":{"line":43,"column":24}},"loc":{"start":{"line":43,"column":49},"end":{"line":113,"column":7}},"line":43},"5":{"name":"(anonymous_5)","decl":{"start":{"line":58,"column":49},"end":{"line":58,"column":50}},"loc":{"start":{"line":58,"column":62},"end":{"line":90,"column":6}},"line":58},"6":{"name":"(anonymous_6)","decl":{"start":{"line":79,"column":52},"end":{"line":79,"column":53}},"loc":{"start":{"line":79,"column":60},"end":{"line":79,"column":70}},"line":79},"7":{"name":"logon","decl":{"start":{"line":116,"column":15},"end":{"line":116,"column":20}},"loc":{"start":{"line":116,"column":31},"end":{"line":153,"column":6}},"line":116},"8":{"name":"logoff","decl":{"start":{"line":155,"column":9},"end":{"line":155,"column":15}},"loc":{"start":{"line":155,"column":26},"end":{"line":160,"column":1}},"line":155}},"branchMap":{"0":{"loc":{"start":{"line":45,"column":8},"end":{"line":45,"column":35}},"type":"if","locations":[{"start":{"line":45,"column":8},"end":{"line":45,"column":35}},{"start":{},"end":{}}],"line":45},"1":{"loc":{"start":{"line":49,"column":8},"end":{"line":54,"column":9}},"type":"if","locations":[{"start":{"line":49,"column":8},"end":{"line":54,"column":9}},{"start":{},"end":{}}],"line":49},"2":{"loc":{"start":{"line":106,"column":8},"end":{"line":113,"column":5}},"type":"if","locations":[{"start":{"line":106,"column":8},"end":{"line":113,"column":5}},{"start":{"line":111,"column":9},"end":{"line":113,"column":5}}],"line":106},"3":{"loc":{"start":{"line":117,"column":23},"end":{"line":117,"column":37}},"type":"binary-expr","locations":[{"start":{"line":117,"column":23},"end":{"line":117,"column":31}},{"start":{"line":117,"column":35},"end":{"line":117,"column":37}}],"line":117},"4":{"loc":{"start":{"line":118,"column":18},"end":{"line":118,"column":32}},"type":"binary-expr","locations":[{"start":{"line":118,"column":18},"end":{"line":118,"column":26}},{"start":{"line":118,"column":30},"end":{"line":118,"column":32}}],"line":118},"5":{"loc":{"start":{"line":120,"column":4},"end":{"line":122,"column":5}},"type":"if","locations":[{"start":{"line":120,"column":4},"end":{"line":122,"column":5}},{"start":{},"end":{}}],"line":120},"6":{"loc":{"start":{"line":120,"column":7},"end":{"line":120,"column":26}},"type":"binary-expr","locations":[{"start":{"line":120,"column":7},"end":{"line":120,"column":13}},{"start":{"line":120,"column":17},"end":{"line":120,"column":26}}],"line":120},"7":{"loc":{"start":{"line":135,"column":4},"end":{"line":137,"column":5}},"type":"if","locations":[{"start":{"line":135,"column":4},"end":{"line":137,"column":5}},{"start":{},"end":{}}],"line":135},"8":{"loc":{"start":{"line":141,"column":0},"end":{"line":153,"column":5}},"type":"if","locations":[{"start":{"line":141,"column":0},"end":{"line":153,"column":5}},{"start":{"line":149,"column":9},"end":{"line":153,"column":5}}],"line":141}},"s":{"0":2,"1":2,"2":2,"3":2,"4":2,"5":2,"6":2,"7":8,"8":2,"9":6,"10":6,"11":6,"12":6,"13":2,"14":5,"15":5,"16":5,"17":2,"18":2,"19":2,"20":2,"21":5,"22":0,"23":5,"24":5,"25":0,"26":5,"27":5,"28":5,"29":5,"30":4,"31":4,"32":4,"33":12,"34":4,"35":4,"36":4,"37":4,"38":1,"39":1,"40":0,"41":3,"42":3,"43":3,"44":0,"45":3,"46":3,"47":3,"48":1,"49":2,"50":2,"51":2,"52":2,"53":0,"54":2,"55":2,"56":2},"f":{"0":8,"1":6,"2":5,"3":2,"4":5,"5":5,"6":12,"7":3,"8":2},"b":{"0":[0,5],"1":[0,5],"2":[1,0],"3":[3,0],"4":[3,0],"5":[0,3],"6":[3,3],"7":[1,2],"8":[2,0]},"_coverageSchema":"1a1c01bbd47fc00a2c39e90264f33305004495a9","hash":"dc96a93e17c174b1f97663b1a24c0321aa175724"}
,"/Users/mac13/Desktop/Not in MySSD/CodeTheDream-2026/NODE/node-homework/db/prisma.js": {"path":"/Users/mac13/Desktop/Not in MySSD/CodeTheDream-2026/NODE/node-homework/db/prisma.js","statementMap":{"0":{"start":{"line":1,"column":22},"end":{"line":1,"column":47}},"1":{"start":{"line":4,"column":0},"end":{"line":8,"column":1}},"2":{"start":{"line":5,"column":4},"end":{"line":5,"column":25}},"3":{"start":{"line":7,"column":4},"end":{"line":7,"column":13}},"4":{"start":{"line":10,"column":15},"end":{"line":10,"column":37}},"5":{"start":{"line":12,"column":0},"end":{"line":12,"column":23}}},"fnMap":{},"branchMap":{"0":{"loc":{"start":{"line":4,"column":0},"end":{"line":8,"column":1}},"type":"if","locations":[{"start":{"line":4,"column":0},"end":{"line":8,"column":1}},{"start":{"line":6,"column":5},"end":{"line":8,"column":1}}],"line":4},"1":{"loc":{"start":{"line":4,"column":3},"end":{"line":4,"column":66}},"type":"binary-expr","locations":[{"start":{"line":4,"column":3},"end":{"line":4,"column":24}},{"start":{"line":4,"column":28},"end":{"line":4,"column":66}}],"line":4}},"s":{"0":3,"1":3,"2":0,"3":3,"4":3,"5":3},"f":{},"b":{"0":[0,3],"1":[3,3]},"_coverageSchema":"1a1c01bbd47fc00a2c39e90264f33305004495a9","hash":"a9a797b7854173bd0887c4a45c6c52297139a49e"}
,"/Users/mac13/Desktop/Not in MySSD/CodeTheDream-2026/NODE/node-homework/middleware/error-handler.js": {"path":"/Users/mac13/Desktop/Not in MySSD/CodeTheDream-2026/NODE/node-homework/middleware/error-handler.js","statementMap":{"0":{"start":{"line":1,"column":21},"end":{"line":6,"column":1}},"1":{"start":{"line":2,"column":4},"end":{"line":4,"column":1}},"2":{"start":{"line":3,"column":8},"end":{"line":3,"column":73}},"3":{"start":{"line":5,"column":4},"end":{"line":5,"column":48}},"4":{"start":{"line":7,"column":0},"end":{"line":7,"column":29}}},"fnMap":{"0":{"name":"(anonymous_0)","decl":{"start":{"line":1,"column":21},"end":{"line":1,"column":22}},"loc":{"start":{"line":1,"column":46},"end":{"line":6,"column":1}},"line":1}},"branchMap":{"0":{"loc":{"start":{"line":2,"column":4},"end":{"line":4,"column":1}},"type":"if","locations":[{"start":{"line":2,"column":4},"end":{"line":4,"column":1}},{"start":{},"end":{}}],"line":2}},"s":{"0":1,"1":0,"2":0,"3":0,"4":1},"f":{"0":0},"b":{"0":[0,0]},"_coverageSchema":"1a1c01bbd47fc00a2c39e90264f33305004495a9","hash":"173c5939b8cf454cd40d41841bc5dddd80bd95cd"}
,"/Users/mac13/Desktop/Not in MySSD/CodeTheDream-2026/NODE/node-homework/middleware/jwtMiddleware.js": {"path":"/Users/mac13/Desktop/Not in MySSD/CodeTheDream-2026/NODE/node-homework/middleware/jwtMiddleware.js","statementMap":{"0":{"start":{"line":1,"column":12},"end":{"line":1,"column":35}},"1":{"start":{"line":2,"column":22},"end":{"line":2,"column":50}},"2":{"start":{"line":4,"column":16},"end":{"line":8,"column":1}},"3":{"start":{"line":5,"column":4},"end":{"line":7,"column":6}},"4":{"start":{"line":9,"column":0},"end":{"line":28,"column":1}},"5":{"start":{"line":11,"column":18},"end":{"line":11,"column":35}},"6":{"start":{"line":12,"column":4},"end":{"line":14,"column":5}},"7":{"start":{"line":13,"column":8},"end":{"line":13,"column":27}},"8":{"start":{"line":15,"column":4},"end":{"line":27,"column":6}},"9":{"start":{"line":16,"column":8},"end":{"line":18,"column":9}},"10":{"start":{"line":17,"column":12},"end":{"line":17,"column":31}},"11":{"start":{"line":20,"column":8},"end":{"line":20,"column":35}},"12":{"start":{"line":21,"column":8},"end":{"line":25,"column":9}},"13":{"start":{"line":22,"column":12},"end":{"line":24,"column":13}},"14":{"start":{"line":23,"column":16},"end":{"line":23,"column":35}},"15":{"start":{"line":26,"column":8},"end":{"line":26,"column":14}}},"fnMap":{"0":{"name":"(anonymous_0)","decl":{"start":{"line":4,"column":16},"end":{"line":4,"column":17}},"loc":{"start":{"line":4,"column":25},"end":{"line":8,"column":1}},"line":4},"1":{"name":"(anonymous_1)","decl":{"start":{"line":9,"column":17},"end":{"line":9,"column":18}},"loc":{"start":{"line":9,"column":42},"end":{"line":28,"column":1}},"line":9},"2":{"name":"(anonymous_2)","decl":{"start":{"line":15,"column":46},"end":{"line":15,"column":47}},"loc":{"start":{"line":15,"column":64},"end":{"line":27,"column":5}},"line":15}},"branchMap":{"0":{"loc":{"start":{"line":12,"column":4},"end":{"line":14,"column":5}},"type":"if","locations":[{"start":{"line":12,"column":4},"end":{"line":14,"column":5}},{"start":{},"end":{}}],"line":12},"1":{"loc":{"start":{"line":16,"column":8},"end":{"line":18,"column":9}},"type":"if","locations":[{"start":{"line":16,"column":8},"end":{"line":18,"column":9}},{"start":{},"end":{}}],"line":16},"2":{"loc":{"start":{"line":21,"column":8},"end":{"line":25,"column":9}},"type":"if","locations":[{"start":{"line":21,"column":8},"end":{"line":25,"column":9}},{"start":{},"end":{}}],"line":21},"3":{"loc":{"start":{"line":22,"column":12},"end":{"line":24,"column":13}},"type":"if","locations":[{"start":{"line":22,"column":12},"end":{"line":24,"column":13}},{"start":{},"end":{}}],"line":22}},"s":{"0":2,"1":2,"2":2,"3":4,"4":2,"5":7,"6":7,"7":2,"8":5,"9":5,"10":1,"11":4,"12":4,"13":3,"14":1,"15":3},"f":{"0":4,"1":7,"2":5},"b":{"0":[2,5],"1":[1,4],"2":[3,1],"3":[1,2]},"_coverageSchema":"1a1c01bbd47fc00a2c39e90264f33305004495a9","hash":"bd253668ab0d3f8189ba0fbea433e4caf6d5643b"}
,"/Users/mac13/Desktop/Not in MySSD/CodeTheDream-2026/NODE/node-homework/middleware/not-found.js": {"path":"/Users/mac13/Desktop/Not in MySSD/CodeTheDream-2026/NODE/node-homework/middleware/not-found.js","statementMap":{"0":{"start":{"line":1,"column":17},"end":{"line":3,"column":1}},"1":{"start":{"line":2,"column":4},"end":{"line":2,"column":48}},"2":{"start":{"line":5,"column":0},"end":{"line":5,"column":25}}},"fnMap":{"0":{"name":"(anonymous_0)","decl":{"start":{"line":1,"column":17},"end":{"line":1,"column":18}},"loc":{"start":{"line":1,"column":31},"end":{"line":3,"column":1}},"line":1}},"branchMap":{},"s":{"0":1,"1":0,"2":1},"f":{"0":0},"b":{},"_coverageSchema":"1a1c01bbd47fc00a2c39e90264f33305004495a9","hash":"898e0cc562ae116c38ad350855e8b70d32f6b408"}
,"/Users/mac13/Desktop/Not in MySSD/CodeTheDream-2026/NODE/node-homework/routes/analyticsRoutes.js": {"path":"/Users/mac13/Desktop/Not in MySSD/CodeTheDream-2026/NODE/node-homework/routes/analyticsRoutes.js","statementMap":{"0":{"start":{"line":1,"column":16},"end":{"line":1,"column":34}},"1":{"start":{"line":2,"column":15},"end":{"line":2,"column":31}},"2":{"start":{"line":3,"column":60},"end":{"line":3,"column":108}},"3":{"start":{"line":4,"column":22},"end":{"line":4,"column":60}},"4":{"start":{"line":6,"column":0},"end":{"line":6,"column":25}},"5":{"start":{"line":9,"column":0},"end":{"line":9,"column":42}},"6":{"start":{"line":12,"column":0},"end":{"line":12,"column":39}},"7":{"start":{"line":15,"column":0},"end":{"line":15,"column":40}},"8":{"start":{"line":17,"column":0},"end":{"line":17,"column":23}}},"fnMap":{},"branchMap":{},"s":{"0":1,"1":1,"2":1,"3":1,"4":1,"5":1,"6":1,"7":1,"8":1},"f":{},"b":{},"_coverageSchema":"1a1c01bbd47fc00a2c39e90264f33305004495a9","hash":"2b81935f809bcfe151eedfdb163775465752afa8"}
,"/Users/mac13/Desktop/Not in MySSD/CodeTheDream-2026/NODE/node-homework/routes/taskRoutes.js": {"path":"/Users/mac13/Desktop/Not in MySSD/CodeTheDream-2026/NODE/node-homework/routes/taskRoutes.js","statementMap":{"0":{"start":{"line":1,"column":16},"end":{"line":1,"column":34}},"1":{"start":{"line":3,"column":15},"end":{"line":3,"column":31}},"2":{"start":{"line":4,"column":22},"end":{"line":4,"column":60}},"3":{"start":{"line":5,"column":23},"end":{"line":5,"column":63}},"4":{"start":{"line":7,"column":0},"end":{"line":7,"column":25}},"5":{"start":{"line":10,"column":0},"end":{"line":10,"column":39}},"6":{"start":{"line":13,"column":0},"end":{"line":13,"column":47}},"7":{"start":{"line":16,"column":0},"end":{"line":16,"column":37}},"8":{"start":{"line":19,"column":0},"end":{"line":19,"column":39}},"9":{"start":{"line":22,"column":0},"end":{"line":22,"column":43}},"10":{"start":{"line":25,"column":0},"end":{"line":25,"column":48}},"11":{"start":{"line":29,"column":0},"end":{"line":29,"column":23}}},"fnMap":{},"branchMap":{},"s":{"0":1,"1":1,"2":1,"3":1,"4":1,"5":1,"6":1,"7":1,"8":1,"9":1,"10":1,"11":1},"f":{},"b":{},"_coverageSchema":"1a1c01bbd47fc00a2c39e90264f33305004495a9","hash":"07852fb9cf424445187211bdf507095640e11758"}
,"/Users/mac13/Desktop/Not in MySSD/CodeTheDream-2026/NODE/node-homework/routes/userRoutes.js": {"path":"/Users/mac13/Desktop/Not in MySSD/CodeTheDream-2026/NODE/node-homework/routes/userRoutes.js","statementMap":{"0":{"start":{"line":2,"column":16},"end":{"line":2,"column":34}},"1":{"start":{"line":3,"column":22},"end":{"line":3,"column":60}},"2":{"start":{"line":4,"column":23},"end":{"line":4,"column":63}},"3":{"start":{"line":6,"column":15},"end":{"line":6,"column":31}},"4":{"start":{"line":8,"column":0},"end":{"line":8,"column":59}},"5":{"start":{"line":9,"column":0},"end":{"line":9,"column":43}},"6":{"start":{"line":10,"column":0},"end":{"line":10,"column":49}},"7":{"start":{"line":14,"column":0},"end":{"line":14,"column":23}}},"fnMap":{},"branchMap":{},"s":{"0":1,"1":1,"2":1,"3":1,"4":1,"5":1,"6":1,"7":1},"f":{},"b":{},"_coverageSchema":"1a1c01bbd47fc00a2c39e90264f33305004495a9","hash":"5d172e819eac79b98baee8483814e665fafb7274"}
,"/Users/mac13/Desktop/Not in MySSD/CodeTheDream-2026/NODE/node-homework/test/waitForRouteHandlerCompletion.js": {"path":"/Users/mac13/Desktop/Not in MySSD/CodeTheDream-2026/NODE/node-homework/test/waitForRouteHandlerCompletion.js","statementMap":{"0":{"start":{"line":4,"column":39},"end":{"line":21,"column":1}},"1":{"start":{"line":6,"column":20},"end":{"line":17,"column":6}},"2":{"start":{"line":8,"column":8},"end":{"line":11,"column":10}},"3":{"start":{"line":9,"column":12},"end":{"line":9,"column":42}},"4":{"start":{"line":9,"column":22},"end":{"line":9,"column":42}},"5":{"start":{"line":10,"column":16},"end":{"line":10,"column":25}},"6":{"start":{"line":13,"column":8},"end":{"line":16,"column":10}},"7":{"start":{"line":14,"column":12},"end":{"line":14,"column":21}},"8":{"start":{"line":18,"column":4},"end":{"line":18,"column":30}},"9":{"start":{"line":19,"column":4},"end":{"line":19,"column":17}},"10":{"start":{"line":20,"column":4},"end":{"line":20,"column":15}},"11":{"start":{"line":29,"column":0},"end":{"line":29,"column":47}}},"fnMap":{"0":{"name":"(anonymous_0)","decl":{"start":{"line":4,"column":39},"end":{"line":4,"column":40}},"loc":{"start":{"line":4,"column":65},"end":{"line":21,"column":1}},"line":4},"1":{"name":"(anonymous_1)","decl":{"start":{"line":6,"column":32},"end":{"line":6,"column":33}},"loc":{"start":{"line":6,"column":52},"end":{"line":17,"column":5}},"line":6},"2":{"name":"(anonymous_2)","decl":{"start":{"line":8,"column":23},"end":{"line":8,"column":24}},"loc":{"start":{"line":8,"column":33},"end":{"line":11,"column":9}},"line":8},"3":{"name":"(anonymous_3)","decl":{"start":{"line":13,"column":25},"end":{"line":13,"column":26}},"loc":{"start":{"line":13,"column":31},"end":{"line":16,"column":9}},"line":13}},"branchMap":{"0":{"loc":{"start":{"line":9,"column":12},"end":{"line":9,"column":42}},"type":"if","locations":[{"start":{"line":9,"column":12},"end":{"line":9,"column":42}},{"start":{},"end":{}}],"line":9}},"s":{"0":2,"1":27,"2":27,"3":1,"4":0,"5":1,"6":27,"7":23,"8":27,"9":24,"10":24,"11":2},"f":{"0":27,"1":27,"2":1,"3":23},"b":{"0":[0,1]},"_coverageSchema":"1a1c01bbd47fc00a2c39e90264f33305004495a9","hash":"323201302fd35f2fc2b03e745601f2e6a7f0683d"}
,"/Users/mac13/Desktop/Not in MySSD/CodeTheDream-2026/NODE/node-homework/validation/taskSchema.js": {"path":"/Users/mac13/Desktop/Not in MySSD/CodeTheDream-2026/NODE/node-homework/validation/taskSchema.js","statementMap":{"0":{"start":{"line":1,"column":12},"end":{"line":1,"column":26}},"1":{"start":{"line":2,"column":20},"end":{"line":6,"column":2}},"2":{"start":{"line":9,"column":24},"end":{"line":13,"column":9}},"3":{"start":{"line":15,"column":0},"end":{"line":15,"column":46}}},"fnMap":{},"branchMap":{},"s":{"0":3,"1":3,"2":3,"3":3},"f":{},"b":{},"_coverageSchema":"1a1c01bbd47fc00a2c39e90264f33305004495a9","hash":"ca2c0ae924f3aea6014b40703bfd30303d40e528"}
,"/Users/mac13/Desktop/Not in MySSD/CodeTheDream-2026/NODE/node-homework/validation/userSchema.js": {"path":"/Users/mac13/Desktop/Not in MySSD/CodeTheDream-2026/NODE/node-homework/validation/userSchema.js","statementMap":{"0":{"start":{"line":1,"column":12},"end":{"line":1,"column":26}},"1":{"start":{"line":3,"column":23},"end":{"line":8,"column":6}},"2":{"start":{"line":10,"column":0},"end":{"line":10,"column":29}}},"fnMap":{},"branchMap":{},"s":{"0":3,"1":3,"2":3},"f":{},"b":{},"_coverageSchema":"1a1c01bbd47fc00a2c39e90264f33305004495a9","hash":"c4d54e69c74da45299a119eb3ed2e751876f991a"}
}
