TN:
SF:app.js
FN:36,(anonymous_0)
FN:54,(anonymous_1)
FN:58,shutdown
FN:62,(anonymous_3)
FNF:4
FNH:1
FNDA:0,(anonymous_0)
FNDA:6,(anonymous_1)
FNDA:0,shutdown
FNDA:0,(anonymous_3)
DA:1,6
DA:2,6
DA:3,6
DA:4,6
DA:5,6
DA:6,6
DA:7,6
DA:8,6
DA:9,6
DA:10,6
DA:11,6
DA:12,6
DA:13,6
DA:14,6
DA:15,6
DA:18,6
DA:20,6
DA:27,6
DA:28,6
DA:29,6
DA:30,6
DA:32,6
DA:33,6
DA:34,6
DA:36,6
DA:37,0
DA:38,0
DA:39,0
DA:41,0
DA:42,0
DA:44,0
DA:50,6
DA:51,6
DA:52,6
DA:54,6
DA:55,6
DA:59,0
DA:60,0
DA:62,0
DA:63,0
DA:64,0
DA:68,6
DA:69,6
DA:71,6
LF:44
LH:33
BRDA:41,0,0,0
BRDA:41,0,1,0
BRDA:52,1,0,6
BRDA:52,1,1,6
BRF:4
BRH:2
end_of_record
TN:
SF:assignment2/events.js
FN:6,(anonymous_0)
FN:16,(anonymous_1)
FNF:2
FNH:1
FNDA:1,(anonymous_0)
FNDA:0,(anonymous_1)
DA:1,1
DA:2,1
DA:6,1
DA:7,1
DA:10,1
DA:16,0
DA:17,0
DA:18,0
DA:23,1
LF:9
LH:6
BRDA:10,0,0,0
BRDA:10,0,1,1
BRF:2
BRH:1
end_of_record
TN:
SF:controllers/analyticsController.js
FN:4,getUserAnalytics
FN:73,getUsersWithStats
FN:98,(anonymous_2)
FN:125,searchTasks
FNF:4
FNH:2
FNDA:0,getUserAnalytics
FNDA:1,getUsersWithStats
FNDA:0,(anonymous_2)
FNDA:2,searchTasks
DA:1,7
DA:5,0
DA:8,0
DA:9,0
DA:10,0
DA:13,0
DA:16,0
DA:17,0
DA:22,0
DA:31,0
DA:51,0
DA:52,0
DA:54,0
DA:65,0
DA:68,0
DA:74,1
DA:75,1
DA:76,1
DA:77,1
DA:80,1
DA:98,1
DA:107,1
DA:109,1
DA:118,1
DA:120,0
DA:126,2
DA:127,2
DA:128,2
DA:129,1
DA:134,1
DA:136,1
DA:137,1
DA:138,1
DA:141,1
DA:164,1
DA:171,0
DA:173,7
LF:37
LH:21
BRDA:9,0,0,0
BRDA:9,0,1,0
BRDA:16,1,0,0
BRDA:16,1,1,0
BRDA:75,2,0,1
BRDA:75,2,1,0
BRDA:76,3,0,1
BRDA:76,3,1,0
BRDA:128,4,0,1
BRDA:128,4,1,1
BRDA:128,5,0,2
BRDA:128,5,1,2
BRDA:134,6,0,1
BRDA:134,6,1,0
BRF:14
BRH:7
end_of_record
TN:
SF:controllers/taskController.js
FN:4,create
FN:21,index
FN:93,show
FN:133,update
FN:168,deleteTask
FN:197,(anonymous_5)
FNF:6
FNH:6
FNDA:12,create
FNDA:20,index
FNDA:6,show
FNDA:11,update
FNDA:10,deleteTask
FNDA:1,(anonymous_5)
DA:1,11
DA:2,11
DA:6,12
DA:7,12
DA:8,1
DA:14,11
DA:18,2
DA:23,20
DA:24,11
DA:27,9
DA:28,9
DA:30,9
DA:33,9
DA:34,0
DA:39,9
DA:40,0
DA:45,9
DA:47,9
DA:48,0
DA:54,9
DA:55,9
DA:56,9
DA:58,9
DA:72,9
DA:77,9
DA:78,2
DA:81,7
DA:90,7
DA:94,6
DA:95,6
DA:96,2
DA:100,4
DA:101,4
DA:120,0
DA:121,0
DA:123,0
DA:126,4
DA:127,2
DA:130,2
DA:135,11
DA:136,11
DA:137,1
DA:142,10
DA:143,10
DA:144,5
DA:148,5
DA:149,5
DA:160,3
DA:161,2
DA:163,1
DA:166,2
DA:170,10
DA:171,10
DA:172,6
DA:177,4
DA:178,4
DA:188,2
DA:189,2
DA:191,0
DA:193,2
DA:197,11
DA:198,1
DA:201,1
DA:203,0
DA:209,1
DA:210,1
DA:211,1
DA:212,1
DA:213,1
DA:219,0
DA:227,0
DA:228,0
DA:233,0
DA:239,0
DA:243,11
LF:75
LH:62
BRDA:7,0,0,1
BRDA:7,0,1,11
BRDA:15,1,0,11
BRDA:15,1,1,0
BRDA:15,2,0,5
BRDA:15,2,1,0
BRDA:23,3,0,11
BRDA:23,3,1,9
BRDA:23,4,0,20
BRDA:23,4,1,9
BRDA:27,5,0,0
BRDA:27,5,1,9
BRDA:28,6,0,0
BRDA:28,6,1,9
BRDA:33,7,0,0
BRDA:33,7,1,9
BRDA:39,8,0,0
BRDA:39,8,1,9
BRDA:39,9,0,9
BRDA:39,9,1,9
BRDA:47,10,0,0
BRDA:47,10,1,9
BRDA:55,11,0,0
BRDA:55,11,1,9
BRDA:56,12,0,0
BRDA:56,12,1,9
BRDA:77,13,0,2
BRDA:77,13,1,7
BRDA:95,14,0,2
BRDA:95,14,1,4
BRDA:120,15,0,0
BRDA:120,15,1,0
BRDA:126,16,0,2
BRDA:126,16,1,2
BRDA:136,17,0,1
BRDA:136,17,1,10
BRDA:143,18,0,5
BRDA:143,18,1,5
BRDA:160,19,0,2
BRDA:160,19,1,1
BRDA:171,20,0,6
BRDA:171,20,1,4
BRDA:188,21,0,2
BRDA:188,21,1,0
BRDA:201,22,0,0
BRDA:201,22,1,1
BRDA:201,23,0,1
BRDA:201,23,1,1
BRDA:201,23,2,1
BRDA:212,24,0,1
BRDA:212,24,1,0
BRDA:221,25,0,0
BRDA:221,25,1,0
BRDA:222,26,0,0
BRDA:222,26,1,0
BRF:55
BRH:37
end_of_record
TN:
SF:controllers/timeController.js
FN:1,getTime
FN:7,echoBody
FNF:2
FNH:0
FNDA:0,getTime
FNDA:0,echoBody
DA:2,0
DA:8,0
DA:13,1
LF:3
LH:1
BRF:0
BRH:0
end_of_record
TN:
SF:controllers/userController.js
FN:8,(anonymous_0)
FN:15,(anonymous_1)
FN:31,hashPassword
FN:37,comparePassword
FN:43,(anonymous_4)
FN:87,(anonymous_5)
FN:104,(anonymous_6)
FN:139,logon
FN:181,logoff
FNF:9
FNH:9
FNDA:21,(anonymous_0)
FNDA:12,(anonymous_1)
FNDA:9,hashPassword
FNDA:7,comparePassword
FNDA:28,(anonymous_4)
FNDA:9,(anonymous_5)
FNDA:21,(anonymous_6)
FNDA:26,logon
FNDA:9,logoff
DA:1,12
DA:2,12
DA:3,12
DA:4,12
DA:5,12
DA:6,12
DA:7,12
DA:8,12
DA:9,21
DA:15,12
DA:16,12
DA:17,12
DA:18,12
DA:26,12
DA:29,12
DA:32,9
DA:33,9
DA:34,9
DA:38,7
DA:39,7
DA:40,7
DA:43,12
DA:44,28
DA:45,28
DA:46,28
DA:47,0
DA:48,0
DA:49,0
DA:50,0
DA:51,0
DA:53,0
DA:63,0
DA:64,0
DA:65,0
DA:66,28
DA:70,9
DA:72,28
DA:73,19
DA:77,9
DA:78,9
DA:79,0
DA:85,9
DA:86,9
DA:87,9
DA:88,9
DA:93,7
DA:98,7
DA:101,7
DA:104,21
DA:114,7
DA:117,7
DA:119,7
DA:120,7
DA:129,2
DA:130,2
DA:135,0
DA:140,26
DA:141,26
DA:143,26
DA:144,0
DA:147,26
DA:148,26
DA:159,26
DA:160,19
DA:163,7
DA:164,7
DA:167,7
DA:168,5
DA:170,5
DA:176,2
DA:182,9
DA:183,9
DA:187,12
LF:73
LH:61
BRDA:44,0,0,0
BRDA:44,0,1,28
BRDA:46,1,0,0
BRDA:46,1,1,28
BRDA:64,2,0,0
BRDA:64,2,1,0
BRDA:66,3,0,9
BRDA:66,3,1,19
BRDA:67,4,0,28
BRDA:67,4,1,28
BRDA:72,5,0,19
BRDA:72,5,1,9
BRDA:78,6,0,0
BRDA:78,6,1,9
BRDA:129,7,0,2
BRDA:129,7,1,0
BRDA:140,8,0,26
BRDA:140,8,1,0
BRDA:141,9,0,26
BRDA:141,9,1,0
BRDA:143,10,0,0
BRDA:143,10,1,26
BRDA:143,11,0,26
BRDA:143,11,1,26
BRDA:159,12,0,19
BRDA:159,12,1,7
BRDA:167,13,0,5
BRDA:167,13,1,2
BRF:28
BRH:19
end_of_record
TN:
SF:db/pg-pool.js
FN:10,(anonymous_0)
FNF:1
FNH:0
FNDA:0,(anonymous_0)
DA:1,1
DA:2,1
DA:4,1
DA:10,1
DA:11,0
DA:14,1
LF:6
LH:5
BRF:0
BRH:0
end_of_record
TN:
SF:db/prisma.js
FNF:0
FNH:0
DA:1,13
DA:4,13
DA:5,0
DA:7,13
DA:10,13
DA:12,13
LF:6
LH:5
BRDA:4,0,0,0
BRDA:4,0,1,13
BRDA:4,1,0,13
BRDA:4,1,1,13
BRF:4
BRH:3
end_of_record
TN:
SF:middleware/error-handler.js
FN:1,(anonymous_0)
FNF:1
FNH:0
FNDA:0,(anonymous_0)
DA:1,7
DA:2,0
DA:3,0
DA:5,0
DA:7,7
LF:5
LH:2
BRDA:2,0,0,0
BRDA:2,0,1,0
BRF:2
BRH:0
end_of_record
TN:
SF:middleware/jwtMiddleware.js
FN:4,(anonymous_0)
FN:9,(anonymous_1)
FN:15,(anonymous_2)
FNF:3
FNH:3
FNDA:13,(anonymous_0)
FNDA:20,(anonymous_1)
FNDA:13,(anonymous_2)
DA:1,7
DA:2,7
DA:4,7
DA:5,13
DA:9,7
DA:11,20
DA:12,20
DA:13,7
DA:15,13
DA:16,13
DA:17,3
DA:20,10
DA:21,10
DA:22,8
DA:23,3
DA:26,7
LF:16
LH:16
BRDA:12,0,0,7
BRDA:12,0,1,13
BRDA:16,1,0,3
BRDA:16,1,1,10
BRDA:21,2,0,8
BRDA:21,2,1,2
BRDA:22,3,0,3
BRDA:22,3,1,5
BRF:8
BRH:8
end_of_record
TN:
SF:middleware/not-found.js
FN:1,(anonymous_0)
FNF:1
FNH:1
FNDA:5,(anonymous_0)
DA:1,6
DA:2,5
DA:5,6
LF:3
LH:3
BRF:0
BRH:0
end_of_record
TN:
SF:routes/analyticsRoutes.js
FNF:0
FNH:0
DA:1,6
DA:2,6
DA:3,6
DA:4,6
DA:6,6
DA:9,6
DA:12,6
DA:15,6
DA:17,6
LF:9
LH:9
BRF:0
BRH:0
end_of_record
TN:
SF:routes/taskRoutes.js
FN:22,(anonymous_0)
FNF:1
FNH:0
FNDA:0,(anonymous_0)
DA:1,6
DA:3,6
DA:4,6
DA:5,6
DA:7,6
DA:10,6
DA:13,6
DA:16,6
DA:19,6
DA:22,6
DA:33,0
DA:37,6
DA:39,6
LF:13
LH:12
BRF:0
BRH:0
end_of_record
TN:
SF:routes/userRoutes.js
FNF:0
FNH:0
DA:2,6
DA:3,6
DA:4,6
DA:6,6
DA:8,6
DA:9,6
DA:10,6
DA:14,6
LF:8
LH:8
BRF:0
BRH:0
end_of_record
TN:
SF:tdd/waitForRouteHandlerCompletion.js
FN:1,(anonymous_0)
FN:3,(anonymous_1)
FN:4,(anonymous_2)
FN:8,(anonymous_3)
FNF:4
FNH:4
FNDA:20,(anonymous_0)
FNDA:20,(anonymous_1)
FNDA:2,(anonymous_2)
FNDA:14,(anonymous_3)
DA:1,2
DA:3,20
DA:4,20
DA:5,2
DA:6,2
DA:8,20
DA:9,14
DA:12,20
DA:13,16
DA:14,16
DA:16,2
LF:11
LH:11
BRDA:5,0,0,0
BRDA:5,0,1,2
BRF:2
BRH:1
end_of_record
TN:
SF:test/waitForRouteHandlerCompletion.js
FN:1,(anonymous_0)
FN:3,(anonymous_1)
FN:4,(anonymous_2)
FN:8,(anonymous_3)
FNF:4
FNH:4
FNDA:26,(anonymous_0)
FNDA:26,(anonymous_1)
FNDA:1,(anonymous_2)
FNDA:23,(anonymous_3)
DA:1,2
DA:3,26
DA:4,26
DA:5,1
DA:6,1
DA:8,26
DA:9,23
DA:12,26
DA:13,24
DA:14,24
DA:17,2
LF:11
LH:11
BRDA:5,0,0,0
BRDA:5,0,1,1
BRF:2
BRH:1
end_of_record
TN:
SF:validation/taskSchema.js
FNF:0
FNH:0
DA:1,12
DA:2,12
DA:9,12
DA:15,12
LF:4
LH:4
BRF:0
BRH:0
end_of_record
TN:
SF:validation/userSchema.js
FNF:0
FNH:0
DA:1,13
DA:3,13
DA:10,13
LF:3
LH:3
BRF:0
BRH:0
end_of_record
TN:
SF:week-3-middleware/app.js
FN:11,(anonymous_0)
FN:26,(anonymous_1)
FN:48,(anonymous_2)
FN:54,(anonymous_3)
FN:61,(anonymous_4)
FNF:5
FNH:4
FNDA:15,(anonymous_0)
FNDA:15,(anonymous_1)
FNDA:0,(anonymous_2)
FNDA:1,(anonymous_3)
FNDA:3,(anonymous_4)
DA:1,2
DA:2,2
DA:3,2
DA:4,2
DA:6,2
DA:11,2
DA:12,15
DA:13,15
DA:14,15
DA:26,2
DA:27,15
DA:28,15
DA:29,15
DA:33,2
DA:34,2
DA:45,2
DA:47,2
DA:48,0
DA:49,0
DA:54,2
DA:55,1
DA:61,2
DA:62,3
DA:68,2
LF:24
LH:22
BRDA:47,0,0,0
BRDA:47,0,1,2
BRF:2
BRH:1
end_of_record
TN:
SF:week-3-middleware/dogData.js
FNF:0
FNH:0
DA:1,2
LF:1
LH:1
BRF:0
BRH:0
end_of_record
TN:
SF:week-3-middleware/routes/dogs.js
FN:6,(anonymous_0)
FN:10,(anonymous_1)
FN:25,(anonymous_2)
FNF:3
FNH:3
FNDA:4,(anonymous_0)
FNDA:7,(anonymous_1)
FNDA:2,(anonymous_2)
DA:1,2
DA:2,2
DA:4,2
DA:6,2
DA:7,4
DA:10,2
DA:11,7
DA:13,6
DA:25,2
DA:26,2
DA:31,2
LF:11
LH:11
BRF:0
BRH:0
end_of_record
