TN:
SF:app.js
FN:31,(anonymous_0)
FN:47,(anonymous_1)
FN:51,shutdown
FN:55,(anonymous_3)
FNF:4
FNH:1
FNDA:0,(anonymous_0)
FNDA:1,(anonymous_1)
FNDA:0,shutdown
FNDA:0,(anonymous_3)
DA:1,1
DA:2,1
DA:3,1
DA:4,1
DA:5,1
DA:6,1
DA:7,1
DA:8,1
DA:9,1
DA:10,1
DA:11,1
DA:12,1
DA:13,1
DA:15,1
DA:22,1
DA:23,1
DA:24,1
DA:25,1
DA:27,1
DA:28,1
DA:29,1
DA:31,1
DA:32,0
DA:33,0
DA:34,0
DA:36,0
DA:37,0
DA:39,0
DA:43,1
DA:44,1
DA:45,1
DA:47,1
DA:48,1
DA:52,0
DA:53,0
DA:55,0
DA:56,0
DA:57,0
DA:61,1
DA:62,1
DA:64,1
LF:41
LH:30
BRDA:36,0,0,0
BRDA:36,0,1,0
BRDA:45,1,0,1
BRDA:45,1,1,1
BRF:4
BRH:2
end_of_record
TN:
SF:controllers/analyticsController.js
FN:4,getUserAnalytics
FN:68,getUsersWithStats
FN:92,(anonymous_2)
FN:116,searchTasks
FNF:4
FNH:0
FNDA:0,getUserAnalytics
FNDA:0,getUsersWithStats
FNDA:0,(anonymous_2)
FNDA:0,searchTasks
DA:1,1
DA:6,0
DA:7,0
DA:8,0
DA:11,0
DA:14,0
DA:15,0
DA:20,0
DA:29,0
DA:49,0
DA:50,0
DA:52,0
DA:63,0
DA:69,0
DA:70,0
DA:71,0
DA:74,0
DA:92,0
DA:101,0
DA:103,0
DA:112,0
DA:117,0
DA:118,0
DA:119,0
DA:124,0
DA:126,0
DA:127,0
DA:128,0
DA:131,0
DA:154,0
DA:161,1
LF:31
LH:2
BRDA:7,0,0,0
BRDA:7,0,1,0
BRDA:14,1,0,0
BRDA:14,1,1,0
BRDA:69,2,0,0
BRDA:69,2,1,0
BRDA:70,3,0,0
BRDA:70,3,1,0
BRDA:118,4,0,0
BRDA:118,4,1,0
BRDA:118,5,0,0
BRDA:118,5,1,0
BRDA:124,6,0,0
BRDA:124,6,1,0
BRF:14
BRH:0
end_of_record
TN:
SF:controllers/taskController.js
FN:7,create
FN:24,index
FN:88,show
FN:128,update
FN:163,deleteTask
FN:192,(anonymous_5)
FNF:6
FNH:5
FNDA:3,create
FNDA:7,index
FNDA:3,show
FNDA:2,update
FNDA:2,deleteTask
FNDA:0,(anonymous_5)
DA:4,2
DA:5,2
DA:9,3
DA:10,3
DA:11,0
DA:17,3
DA:21,1
DA:26,7
DA:27,7
DA:29,7
DA:32,7
DA:33,0
DA:38,7
DA:39,0
DA:44,7
DA:46,6
DA:47,0
DA:53,6
DA:72,6
DA:76,6
DA:85,6
DA:89,3
DA:90,3
DA:91,0
DA:95,3
DA:96,3
DA:115,0
DA:116,0
DA:118,0
DA:121,3
DA:122,2
DA:125,1
DA:130,2
DA:131,2
DA:132,0
DA:137,2
DA:138,2
DA:139,0
DA:143,2
DA:144,2
DA:155,1
DA:156,1
DA:158,0
DA:161,1
DA:165,2
DA:166,2
DA:167,0
DA:172,2
DA:173,2
DA:183,1
DA:184,1
DA:186,0
DA:188,1
DA:192,2
DA:193,0
DA:196,0
DA:198,0
DA:204,0
DA:205,0
DA:206,0
DA:207,0
DA:208,0
DA:214,0
DA:222,0
DA:223,0
DA:228,0
DA:234,0
DA:238,2
LF:68
LH:42
BRDA:10,0,0,0
BRDA:10,0,1,3
BRDA:18,1,0,3
BRDA:18,1,1,0
BRDA:18,2,0,2
BRDA:18,2,1,0
BRDA:26,3,0,0
BRDA:26,3,1,7
BRDA:27,4,0,0
BRDA:27,4,1,7
BRDA:32,5,0,0
BRDA:32,5,1,7
BRDA:38,6,0,0
BRDA:38,6,1,7
BRDA:38,7,0,7
BRDA:38,7,1,7
BRDA:46,8,0,0
BRDA:46,8,1,6
BRDA:90,9,0,0
BRDA:90,9,1,3
BRDA:115,10,0,0
BRDA:115,10,1,0
BRDA:121,11,0,2
BRDA:121,11,1,1
BRDA:131,12,0,0
BRDA:131,12,1,2
BRDA:138,13,0,0
BRDA:138,13,1,2
BRDA:155,14,0,1
BRDA:155,14,1,0
BRDA:166,15,0,0
BRDA:166,15,1,2
BRDA:183,16,0,1
BRDA:183,16,1,0
BRDA:196,17,0,0
BRDA:196,17,1,0
BRDA:196,18,0,0
BRDA:196,18,1,0
BRDA:196,18,2,0
BRDA:207,19,0,0
BRDA:207,19,1,0
BRDA:216,20,0,0
BRDA:216,20,1,0
BRDA:217,21,0,0
BRDA:217,21,1,0
BRF:45
BRH:18
end_of_record
TN:
SF:controllers/userController.js
FN:8,(anonymous_0)
FN:15,(anonymous_1)
FN:31,hashPassword
FN:37,comparePassword
FN:43,(anonymous_4)
FN:58,(anonymous_5)
FN:79,(anonymous_6)
FN:116,logon
FN:155,logoff
FNF:9
FNH:9
FNDA:8,(anonymous_0)
FNDA:6,(anonymous_1)
FNDA:5,hashPassword
FNDA:2,comparePassword
FNDA:5,(anonymous_4)
FNDA:5,(anonymous_5)
FNDA:12,(anonymous_6)
FNDA:3,logon
FNDA:2,logoff
DA:1,2
DA:2,2
DA:3,2
DA:4,2
DA:5,2
DA:6,2
DA:8,2
DA:9,8
DA:15,2
DA:16,6
DA:17,6
DA:18,6
DA:26,6
DA:29,2
DA:32,5
DA:33,5
DA:34,5
DA:38,2
DA:39,2
DA:40,2
DA:43,2
DA:45,5
DA:47,5
DA:49,5
DA:50,0
DA:55,5
DA:57,5
DA:58,5
DA:60,5
DA:66,4
DA:72,4
DA:76,4
DA:79,12
DA:89,4
DA:92,4
DA:94,4
DA:95,4
DA:106,1
DA:107,1
DA:112,0
DA:117,3
DA:118,3
DA:120,3
DA:121,0
DA:124,3
DA:125,3
DA:135,3
DA:136,1
DA:139,2
DA:141,2
DA:142,2
DA:144,2
DA:150,0
DA:156,2
DA:157,2
DA:161,2
LF:56
LH:52
BRDA:45,0,0,0
BRDA:45,0,1,5
BRDA:49,1,0,0
BRDA:49,1,1,5
BRDA:106,2,0,1
BRDA:106,2,1,0
BRDA:117,3,0,3
BRDA:117,3,1,0
BRDA:118,4,0,3
BRDA:118,4,1,0
BRDA:120,5,0,0
BRDA:120,5,1,3
BRDA:120,6,0,3
BRDA:120,6,1,3
BRDA:135,7,0,1
BRDA:135,7,1,2
BRDA:141,8,0,2
BRDA:141,8,1,0
BRF:18
BRH:11
end_of_record
TN:
SF:db/prisma.js
FNF:0
FNH:0
DA:1,3
DA:4,3
DA:5,0
DA:7,3
DA:10,3
DA:12,3
LF:6
LH:5
BRDA:4,0,0,0
BRDA:4,0,1,3
BRDA:4,1,0,3
BRDA:4,1,1,3
BRF:4
BRH:3
end_of_record
TN:
SF:middleware/error-handler.js
FN:1,(anonymous_0)
FNF:1
FNH:0
FNDA:0,(anonymous_0)
DA:1,1
DA:2,0
DA:3,0
DA:5,0
DA:7,1
LF:5
LH:2
BRDA:2,0,0,0
BRDA:2,0,1,0
BRF:2
BRH:0
end_of_record
TN:
SF:middleware/jwtMiddleware.js
FN:4,(anonymous_0)
FN:9,(anonymous_1)
FN:15,(anonymous_2)
FNF:3
FNH:3
FNDA:4,(anonymous_0)
FNDA:7,(anonymous_1)
FNDA:5,(anonymous_2)
DA:1,2
DA:2,2
DA:4,2
DA:5,4
DA:9,2
DA:11,7
DA:12,7
DA:13,2
DA:15,5
DA:16,5
DA:17,1
DA:20,4
DA:21,4
DA:22,3
DA:23,1
DA:26,3
LF:16
LH:16
BRDA:12,0,0,2
BRDA:12,0,1,5
BRDA:16,1,0,1
BRDA:16,1,1,4
BRDA:21,2,0,3
BRDA:21,2,1,1
BRDA:22,3,0,1
BRDA:22,3,1,2
BRF:8
BRH:8
end_of_record
TN:
SF:middleware/not-found.js
FN:1,(anonymous_0)
FNF:1
FNH:0
FNDA:0,(anonymous_0)
DA:1,1
DA:2,0
DA:5,1
LF:3
LH:2
BRF:0
BRH:0
end_of_record
TN:
SF:routes/analyticsRoutes.js
FNF:0
FNH:0
DA:1,1
DA:2,1
DA:3,1
DA:4,1
DA:6,1
DA:9,1
DA:12,1
DA:15,1
DA:17,1
LF:9
LH:9
BRF:0
BRH:0
end_of_record
TN:
SF:routes/taskRoutes.js
FNF:0
FNH:0
DA:1,1
DA:3,1
DA:4,1
DA:5,1
DA:7,1
DA:10,1
DA:13,1
DA:16,1
DA:19,1
DA:22,1
DA:25,1
DA:29,1
LF:12
LH:12
BRF:0
BRH:0
end_of_record
TN:
SF:routes/userRoutes.js
FNF:0
FNH:0
DA:2,1
DA:3,1
DA:4,1
DA:6,1
DA:8,1
DA:9,1
DA:10,1
DA:14,1
LF:8
LH:8
BRF:0
BRH:0
end_of_record
TN:
SF:test/waitForRouteHandlerCompletion.js
FN:1,(anonymous_0)
FN:3,(anonymous_1)
FN:4,(anonymous_2)
FN:8,(anonymous_3)
FNF:4
FNH:4
FNDA:27,(anonymous_0)
FNDA:27,(anonymous_1)
FNDA:1,(anonymous_2)
FNDA:23,(anonymous_3)
DA:1,2
DA:3,27
DA:4,27
DA:5,1
DA:6,1
DA:8,27
DA:9,23
DA:12,27
DA:13,24
DA:14,24
DA:17,2
LF:11
LH:11
BRDA:5,0,0,0
BRDA:5,0,1,1
BRF:2
BRH:1
end_of_record
TN:
SF:validation/taskSchema.js
FNF:0
FNH:0
DA:1,3
DA:2,3
DA:9,3
DA:15,3
LF:4
LH:4
BRF:0
BRH:0
end_of_record
TN:
SF:validation/userSchema.js
FNF:0
FNH:0
DA:1,3
DA:3,3
DA:10,3
LF:3
LH:3
BRF:0
BRH:0
end_of_record
